<?xml version="1.0" encoding="UTF-8"?>
<!-- Generated by org.testng.reporters.JUnitReportReporter -->
<testsuite skipped="0" hostname="DESKTOP-NVM39PS" name="com.ep.api.api_autotest_ep.TestExcelUtil" tests="1" failures="0" timestamp="18 九月 2018 07:05:45 GMT" time="0.407" errors="0">
  <testcase name="f" time="0.407" classname="com.ep.api.api_autotest_ep.TestExcelUtil"/>
</testsuite> <!-- com.ep.api.api_autotest_ep.TestExcelUtil -->
